# JRE version: OpenJDK Runtime Environment (8.0_152-b02) (build 1.8.0_152-release-1024-b02)
# Java VM: OpenJDK 64-Bit Server VM (25.152-b02 mixed mode windows-amd64 compressed oops)
Heap:
 PSYoungGen      total 416256K, used 33675K [0x00000000e0000000, 0x00000000ff380000, 0x0000000100000000)
  eden space 317952K, 0% used [0x00000000e0000000,0x00000000e0000000,0x00000000f3680000)
  from space 98304K, 34% used [0x00000000f9300000,0x00000000fb3e2e58,0x00000000ff300000)
  to   space 94720K, 0% used [0x00000000f3680000,0x00000000f3680000,0x00000000f9300000)
 ParOldGen       total 742400K, used 488630K [0x00000000a0000000, 0x00000000cd500000, 0x00000000e0000000)
  object space 742400K, 65% used [0x00000000a0000000,0x00000000bdd2da40,0x00000000cd500000)
 Metaspace       used 162792K, capacity 171412K, committed 171456K, reserved 1198080K
  class space    used 20479K, capacity 22230K, committed 22272K, reserved 1048576K
GC Heap History (10 events):
Event: 1472.068 GC heap after
Heap after GC invocations=40 (full 6):
 PSYoungGen      total 391680K, used 50744K [0x00000000e0000000, 0x00000000fed00000, 0x0000000100000000)
  eden space 275456K, 0% used [0x00000000e0000000,0x00000000e0000000,0x00000000f0d00000)
  from space 116224K, 43% used [0x00000000f7b80000,0x00000000fad0e048,0x00000000fed00000)
  to   space 113152K, 0% used [0x00000000f0d00000,0x00000000f0d00000,0x00000000f7b80000)
 ParOldGen       total 742400K, used 472195K [0x00000000a0000000, 0x00000000cd500000, 0x00000000e0000000)
  object space 742400K, 63% used [0x00000000a0000000,0x00000000bcd20f70,0x00000000cd500000)
 Metaspace       used 147255K, capacity 154342K, committed 154712K, reserved 1183744K
  class space    used 18506K, capacity 19979K, committed 20096K, reserved 1048576K
}
Event: 1484.393 GC heap before
{Heap before GC invocations=41 (full 6):
 PSYoungGen      total 391680K, used 326200K [0x00000000e0000000, 0x00000000fed00000, 0x0000000100000000)
  eden space 275456K, 100% used [0x00000000e0000000,0x00000000f0d00000,0x00000000f0d00000)
  from space 116224K, 43% used [0x00000000f7b80000,0x00000000fad0e048,0x00000000fed00000)
  to   space 113152K, 0% used [0x00000000f0d00000,0x00000000f0d00000,0x00000000f7b80000)
 ParOldGen       total 742400K, used 472195K [0x00000000a0000000, 0x00000000cd500000, 0x00000000e0000000)
  object space 742400K, 63% used [0x00000000a0000000,0x00000000bcd20f70,0x00000000cd500000)
 Metaspace       used 150170K, capacity 157750K, committed 157784K, reserved 1187840K
  class space    used 18778K, capacity 20343K, committed 20352K, reserved 1048576K
Event: 1484.479 GC heap after
Heap after GC invocations=41 (full 6):
 PSYoungGen      total 388608K, used 34504K [0x00000000e0000000, 0x00000000ff400000, 0x0000000100000000)
  eden space 275456K, 0% used [0x00000000e0000000,0x00000000e0000000,0x00000000f0d00000)
  from space 113152K, 30% used [0x00000000f0d00000,0x00000000f2eb2048,0x00000000f7b80000)
  to   space 108544K, 0% used [0x00000000f8a00000,0x00000000f8a00000,0x00000000ff400000)
 ParOldGen       total 742400K, used 488606K [0x00000000a0000000, 0x00000000cd500000, 0x00000000e0000000)
  object space 742400K, 65% used [0x00000000a0000000,0x00000000bdd27a40,0x00000000cd500000)
 Metaspace       used 150170K, capacity 157750K, committed 157784K, reserved 1187840K
  class space    used 18778K, capacity 20343K, committed 20352K, reserved 1048576K
}
Event: 5227.866 GC heap before
{Heap before GC invocations=42 (full 6):
 PSYoungGen      total 388608K, used 309937K [0x00000000e0000000, 0x00000000ff400000, 0x0000000100000000)
  eden space 275456K, 99% used [0x00000000e0000000,0x00000000f0cfa410,0x00000000f0d00000)
  from space 113152K, 30% used [0x00000000f0d00000,0x00000000f2eb2048,0x00000000f7b80000)
  to   space 108544K, 0% used [0x00000000f8a00000,0x00000000f8a00000,0x00000000ff400000)
 ParOldGen       total 742400K, used 488606K [0x00000000a0000000, 0x00000000cd500000, 0x00000000e0000000)
  object space 742400K, 65% used [0x00000000a0000000,0x00000000bdd27a40,0x00000000cd500000)
 Metaspace       used 150773K, capacity 158628K, committed 158680K, reserved 1187840K
  class space    used 18829K, capacity 20445K, committed 20480K, reserved 1048576K
Event: 5228.846 GC heap after
Heap after GC invocations=42 (full 6):
 PSYoungGen      total 405504K, used 32842K [0x00000000e0000000, 0x00000000ff180000, 0x0000000100000000)
  eden space 299520K, 0% used [0x00000000e0000000,0x00000000e0000000,0x00000000f2480000)
  from space 105984K, 30% used [0x00000000f8a00000,0x00000000faa12a10,0x00000000ff180000)
  to   space 103936K, 0% used [0x00000000f2480000,0x00000000f2480000,0x00000000f8a00000)
 ParOldGen       total 742400K, used 488614K [0x00000000a0000000, 0x00000000cd500000, 0x00000000e0000000)
  object space 742400K, 65% used [0x00000000a0000000,0x00000000bdd29a40,0x00000000cd500000)
 Metaspace       used 150773K, capacity 158628K, committed 158680K, reserved 1187840K
  class space    used 18829K, capacity 20445K, committed 20480K, reserved 1048576K
}
Event: 5232.588 GC heap before
{Heap before GC invocations=43 (full 6):
 PSYoungGen      total 405504K, used 332362K [0x00000000e0000000, 0x00000000ff180000, 0x0000000100000000)
  eden space 299520K, 100% used [0x00000000e0000000,0x00000000f2480000,0x00000000f2480000)
  from space 105984K, 30% used [0x00000000f8a00000,0x00000000faa12a10,0x00000000ff180000)
  to   space 103936K, 0% used [0x00000000f2480000,0x00000000f2480000,0x00000000f8a00000)
 ParOldGen       total 742400K, used 488614K [0x00000000a0000000, 0x00000000cd500000, 0x00000000e0000000)
  object space 742400K, 65% used [0x00000000a0000000,0x00000000bdd29a40,0x00000000cd500000)
 Metaspace       used 162262K, capacity 170936K, committed 171224K, reserved 1198080K
  class space    used 20419K, capacity 22174K, committed 22272K, reserved 1048576K
Event: 5232.709 GC heap after
Heap after GC invocations=43 (full 6):
 PSYoungGen      total 403456K, used 43900K [0x00000000e0000000, 0x00000000ff300000, 0x0000000100000000)
  eden space 299520K, 0% used [0x00000000e0000000,0x00000000e0000000,0x00000000f2480000)
  from space 103936K, 42% used [0x00000000f2480000,0x00000000f4f5f388,0x00000000f8a00000)
  to   space 98304K, 0% used [0x00000000f9300000,0x00000000f9300000,0x00000000ff300000)
 ParOldGen       total 742400K, used 488622K [0x00000000a0000000, 0x00000000cd500000, 0x00000000e0000000)
  object space 742400K, 65% used [0x00000000a0000000,0x00000000bdd2ba40,0x00000000cd500000)
 Metaspace       used 162262K, capacity 170936K, committed 171224K, reserved 1198080K
  class space    used 20419K, capacity 22174K, committed 22272K, reserved 1048576K
}
Event: 5234.591 GC heap before
{Heap before GC invocations=44 (full 6):
 PSYoungGen      total 403456K, used 107298K [0x00000000e0000000, 0x00000000ff300000, 0x0000000100000000)
  eden space 299520K, 21% used [0x00000000e0000000,0x00000000e3de9588,0x00000000f2480000)
  from space 103936K, 42% used [0x00000000f2480000,0x00000000f4f5f388,0x00000000f8a00000)
  to   space 98304K, 0% used [0x00000000f9300000,0x00000000f9300000,0x00000000ff300000)
 ParOldGen       total 742400K, used 488622K [0x00000000a0000000, 0x00000000cd500000, 0x00000000e0000000)
  object space 742400K, 65% used [0x00000000a0000000,0x00000000bdd2ba40,0x00000000cd500000)
 Metaspace       used 162792K, capacity 171412K, committed 171456K, reserved 1198080K
  class space    used 20479K, capacity 22230K, committed 22272K, reserved 1048576K
Event: 5234.673 GC heap after
Heap after GC invocations=44 (full 6):
 PSYoungGen      total 416256K, used 33675K [0x00000000e0000000, 0x00000000ff380000, 0x0000000100000000)
  eden space 317952K, 0% used [0x00000000e0000000,0x00000000e0000000,0x00000000f3680000)
  from space 98304K, 34% used [0x00000000f9300000,0x00000000fb3e2e58,0x00000000ff300000)
  to   space 94720K, 0% used [0x00000000f3680000,0x00000000f3680000,0x00000000f9300000)
 ParOldGen       total 742400K, used 488630K [0x00000000a0000000, 0x00000000cd500000, 0x00000000e0000000)
  object space 742400K, 65% used [0x00000000a0000000,0x00000000bdd2da40,0x00000000cd500000)
 Metaspace       used 162792K, capacity 171412K, committed 171456K, reserved 1198080K
  class space    used 20479K, capacity 22230K, committed 22272K, reserved 1048576K
}
Event: 5234.673 GC heap before
{Heap before GC invocations=45 (full 7):
 PSYoungGen      total 416256K, used 33675K [0x00000000e0000000, 0x00000000ff380000, 0x0000000100000000)
  eden space 317952K, 0% used [0x00000000e0000000,0x00000000e0000000,0x00000000f3680000)
  from space 98304K, 34% used [0x00000000f9300000,0x00000000fb3e2e58,0x00000000ff300000)
  to   space 94720K, 0% used [0x00000000f3680000,0x00000000f3680000,0x00000000f9300000)
 ParOldGen       total 742400K, used 488630K [0x00000000a0000000, 0x00000000cd500000, 0x00000000e0000000)
  object space 742400K, 65% used [0x00000000a0000000,0x00000000bdd2da40,0x00000000cd500000)
 Metaspace       used 162792K, capacity 171412K, committed 171456K, reserved 1198080K
  class space    used 20479K, capacity 22230K, committed 22272K, reserved 1048576K

